\BOOKMARK [1][-]{section.1}{Introduction\040to\040scientific\040computing\040with\040Python}{}% 1
\BOOKMARK [2][-]{subsection.1.1}{The\040role\040of\040computing\040in\040science}{section.1}% 2
\BOOKMARK [3][-]{subsubsection.1.1.1}{References}{subsection.1.1}% 3
\BOOKMARK [2][-]{subsection.1.2}{Requirements\040on\040scientific\040computing}{section.1}% 4
\BOOKMARK [3][-]{subsubsection.1.2.1}{Tools\040for\040managing\040source\040code}{subsection.1.2}% 5
\BOOKMARK [2][-]{subsection.1.3}{What\040is\040Python?}{section.1}% 6
\BOOKMARK [2][-]{subsection.1.4}{What\040makes\040python\040suitable\040for\040scientific\040computing?}{section.1}% 7
\BOOKMARK [3][-]{subsubsection.1.4.1}{The\040scientific\040python\040software\040stack}{subsection.1.4}% 8
\BOOKMARK [3][-]{subsubsection.1.4.2}{Python\040environments}{subsection.1.4}% 9
\BOOKMARK [3][-]{subsubsection.1.4.3}{Python\040interpreter}{subsection.1.4}% 10
\BOOKMARK [3][-]{subsubsection.1.4.4}{IPython}{subsection.1.4}% 11
\BOOKMARK [3][-]{subsubsection.1.4.5}{IPython\040notebook}{subsection.1.4}% 12
\BOOKMARK [3][-]{subsubsection.1.4.6}{Spyder}{subsection.1.4}% 13
\BOOKMARK [2][-]{subsection.1.5}{Versions\040of\040Python}{section.1}% 14
\BOOKMARK [2][-]{subsection.1.6}{Installation}{section.1}% 15
\BOOKMARK [3][-]{subsubsection.1.6.1}{Conda}{subsection.1.6}% 16
\BOOKMARK [3][-]{subsubsection.1.6.2}{Linux}{subsection.1.6}% 17
\BOOKMARK [3][-]{subsubsection.1.6.3}{MacOS\040X}{subsection.1.6}% 18
\BOOKMARK [3][-]{subsubsection.1.6.4}{Windows}{subsection.1.6}% 19
\BOOKMARK [2][-]{subsection.1.7}{Further\040reading}{section.1}% 20
\BOOKMARK [2][-]{subsection.1.8}{Python\040and\040module\040versions}{section.1}% 21
