\BOOKMARK [1][-]{section.1}{SciPy - Library of scientific algorithms for Python}{}% 1
\BOOKMARK [2][-]{subsection.1.1}{Introduction}{section.1}% 2
\BOOKMARK [2][-]{subsection.1.2}{Special functions}{section.1}% 3
\BOOKMARK [2][-]{subsection.1.3}{Integration}{section.1}% 4
\BOOKMARK [3][-]{subsubsection.1.3.1}{Numerical integration: quadrature}{subsection.1.3}% 5
\BOOKMARK [2][-]{subsection.1.4}{Ordinary differential equations \(ODEs\)}{section.1}% 6
\BOOKMARK [2][-]{subsection.1.5}{Fourier transform}{section.1}% 7
\BOOKMARK [2][-]{subsection.1.6}{Linear algebra}{section.1}% 8
\BOOKMARK [3][-]{subsubsection.1.6.1}{Linear equation systems}{subsection.1.6}% 9
\BOOKMARK [3][-]{subsubsection.1.6.2}{Eigenvalues and eigenvectors}{subsection.1.6}% 10
\BOOKMARK [3][-]{subsubsection.1.6.3}{Matrix operations}{subsection.1.6}% 11
\BOOKMARK [3][-]{subsubsection.1.6.4}{Sparse matrices}{subsection.1.6}% 12
\BOOKMARK [2][-]{subsection.1.7}{Optimization}{section.1}% 13
\BOOKMARK [3][-]{subsubsection.1.7.1}{Finding a minima}{subsection.1.7}% 14
\BOOKMARK [3][-]{subsubsection.1.7.2}{Finding a solution to a function}{subsection.1.7}% 15
\BOOKMARK [2][-]{subsection.1.8}{Interpolation}{section.1}% 16
\BOOKMARK [2][-]{subsection.1.9}{Statistics}{section.1}% 17
\BOOKMARK [3][-]{subsubsection.1.9.1}{Statistical tests}{subsection.1.9}% 18
\BOOKMARK [2][-]{subsection.1.10}{Further reading}{section.1}% 19
\BOOKMARK [2][-]{subsection.1.11}{Versions}{section.1}% 20
