\BOOKMARK [1][-]{section.1}{Numpy - multidimensional data arrays}{}% 1
\BOOKMARK [2][-]{subsection.1.1}{Introduction}{section.1}% 2
\BOOKMARK [2][-]{subsection.1.2}{Creating numpy arrays}{section.1}% 3
\BOOKMARK [3][-]{subsubsection.1.2.1}{From lists}{subsection.1.2}% 4
\BOOKMARK [3][-]{subsubsection.1.2.2}{Using array-generating functions}{subsection.1.2}% 5
\BOOKMARK [2][-]{subsection.1.3}{File I/O}{section.1}% 6
\BOOKMARK [3][-]{subsubsection.1.3.1}{Comma-separated values \(CSV\)}{subsection.1.3}% 7
\BOOKMARK [3][-]{subsubsection.1.3.2}{Numpy's native file format}{subsection.1.3}% 8
\BOOKMARK [2][-]{subsection.1.4}{More properties of the numpy arrays}{section.1}% 9
\BOOKMARK [2][-]{subsection.1.5}{Manipulating arrays}{section.1}% 10
\BOOKMARK [3][-]{subsubsection.1.5.1}{Indexing}{subsection.1.5}% 11
\BOOKMARK [3][-]{subsubsection.1.5.2}{Index slicing}{subsection.1.5}% 12
\BOOKMARK [3][-]{subsubsection.1.5.3}{Fancy indexing}{subsection.1.5}% 13
\BOOKMARK [2][-]{subsection.1.6}{Functions for extracting data from arrays and creating arrays}{section.1}% 14
\BOOKMARK [3][-]{subsubsection.1.6.1}{where}{subsection.1.6}% 15
\BOOKMARK [3][-]{subsubsection.1.6.2}{diag}{subsection.1.6}% 16
\BOOKMARK [3][-]{subsubsection.1.6.3}{take}{subsection.1.6}% 17
\BOOKMARK [3][-]{subsubsection.1.6.4}{choose}{subsection.1.6}% 18
\BOOKMARK [2][-]{subsection.1.7}{Linear algebra}{section.1}% 19
\BOOKMARK [3][-]{subsubsection.1.7.1}{Scalar-array operations}{subsection.1.7}% 20
\BOOKMARK [3][-]{subsubsection.1.7.2}{Element-wise array-array operations}{subsection.1.7}% 21
\BOOKMARK [3][-]{subsubsection.1.7.3}{Matrix algebra}{subsection.1.7}% 22
\BOOKMARK [3][-]{subsubsection.1.7.4}{Array/Matrix transformations}{subsection.1.7}% 23
\BOOKMARK [3][-]{subsubsection.1.7.5}{Matrix computations}{subsection.1.7}% 24
\BOOKMARK [3][-]{subsubsection.1.7.6}{Data processing}{subsection.1.7}% 25
\BOOKMARK [3][-]{subsubsection.1.7.7}{Computations on subsets of arrays}{subsection.1.7}% 26
\BOOKMARK [3][-]{subsubsection.1.7.8}{Calculations with higher-dimensional data}{subsection.1.7}% 27
\BOOKMARK [2][-]{subsection.1.8}{Reshaping, resizing and stacking arrays}{section.1}% 28
\BOOKMARK [2][-]{subsection.1.9}{Adding a new dimension: newaxis}{section.1}% 29
\BOOKMARK [2][-]{subsection.1.10}{Stacking and repeating arrays}{section.1}% 30
\BOOKMARK [3][-]{subsubsection.1.10.1}{tile and repeat}{subsection.1.10}% 31
\BOOKMARK [3][-]{subsubsection.1.10.2}{concatenate}{subsection.1.10}% 32
\BOOKMARK [3][-]{subsubsection.1.10.3}{hstack and vstack}{subsection.1.10}% 33
\BOOKMARK [2][-]{subsection.1.11}{Copy and ``deep copy''}{section.1}% 34
\BOOKMARK [2][-]{subsection.1.12}{Iterating over array elements}{section.1}% 35
\BOOKMARK [2][-]{subsection.1.13}{Vectorizing functions}{section.1}% 36
\BOOKMARK [2][-]{subsection.1.14}{Using arrays in conditions}{section.1}% 37
\BOOKMARK [2][-]{subsection.1.15}{Type casting}{section.1}% 38
\BOOKMARK [2][-]{subsection.1.16}{Further reading}{section.1}% 39
\BOOKMARK [2][-]{subsection.1.17}{Versions}{section.1}% 40
