\BOOKMARK [1][-]{section.1}{Introduction to Python programming}{}% 1
\BOOKMARK [2][-]{subsection.1.1}{Python program files}{section.1}% 2
\BOOKMARK [3][-]{subsubsection.1.1.1}{Example:}{subsection.1.1}% 3
\BOOKMARK [3][-]{subsubsection.1.1.2}{Character encoding}{subsection.1.1}% 4
\BOOKMARK [2][-]{subsection.1.2}{IPython notebooks}{section.1}% 5
\BOOKMARK [2][-]{subsection.1.3}{Modules}{section.1}% 6
\BOOKMARK [3][-]{subsubsection.1.3.1}{References}{subsection.1.3}% 7
\BOOKMARK [3][-]{subsubsection.1.3.2}{Looking at what a module contains, and its documentation}{subsection.1.3}% 8
\BOOKMARK [2][-]{subsection.1.4}{Variables and types}{section.1}% 9
\BOOKMARK [3][-]{subsubsection.1.4.1}{Symbol names}{subsection.1.4}% 10
\BOOKMARK [3][-]{subsubsection.1.4.2}{Assignment}{subsection.1.4}% 11
\BOOKMARK [3][-]{subsubsection.1.4.3}{Fundamental types}{subsection.1.4}% 12
\BOOKMARK [3][-]{subsubsection.1.4.4}{Type utility functions}{subsection.1.4}% 13
\BOOKMARK [3][-]{subsubsection.1.4.5}{Type casting}{subsection.1.4}% 14
\BOOKMARK [2][-]{subsection.1.5}{Operators and comparisons}{section.1}% 15
\BOOKMARK [2][-]{subsection.1.6}{Compound types: Strings, List and dictionaries}{section.1}% 16
\BOOKMARK [3][-]{subsubsection.1.6.1}{Strings}{subsection.1.6}% 17
\BOOKMARK [3][-]{subsubsection.1.6.2}{List}{subsection.1.6}% 18
\BOOKMARK [3][-]{subsubsection.1.6.3}{Tuples}{subsection.1.6}% 19
\BOOKMARK [3][-]{subsubsection.1.6.4}{Dictionaries}{subsection.1.6}% 20
\BOOKMARK [2][-]{subsection.1.7}{Control Flow}{section.1}% 21
\BOOKMARK [3][-]{subsubsection.1.7.1}{Conditional statements: if, elif, else}{subsection.1.7}% 22
\BOOKMARK [2][-]{subsection.1.8}{Loops}{section.1}% 23
\BOOKMARK [3][-]{subsubsection.1.8.1}{for loops:}{subsection.1.8}% 24
\BOOKMARK [3][-]{subsubsection.1.8.2}{List comprehensions: Creating lists using for loops:}{subsection.1.8}% 25
\BOOKMARK [3][-]{subsubsection.1.8.3}{while loops:}{subsection.1.8}% 26
\BOOKMARK [2][-]{subsection.1.9}{Functions}{section.1}% 27
\BOOKMARK [3][-]{subsubsection.1.9.1}{Default argument and keyword arguments}{subsection.1.9}% 28
\BOOKMARK [3][-]{subsubsection.1.9.2}{Unnamed functions \(lambda function\)}{subsection.1.9}% 29
\BOOKMARK [2][-]{subsection.1.10}{Classes}{section.1}% 30
\BOOKMARK [2][-]{subsection.1.11}{Modules}{section.1}% 31
\BOOKMARK [2][-]{subsection.1.12}{Exceptions}{section.1}% 32
\BOOKMARK [2][-]{subsection.1.13}{Further reading}{section.1}% 33
\BOOKMARK [2][-]{subsection.1.14}{Versions}{section.1}% 34
