\BOOKMARK [1][-]{section.1}{matplotlib - 2D and 3D plotting in Python}{}% 1
\BOOKMARK [2][-]{subsection.1.1}{Introduction}{section.1}% 2
\BOOKMARK [2][-]{subsection.1.2}{MATLAB-like API}{section.1}% 3
\BOOKMARK [3][-]{subsubsection.1.2.1}{Example}{subsection.1.2}% 4
\BOOKMARK [2][-]{subsection.1.3}{The matplotlib object-oriented API}{section.1}% 5
\BOOKMARK [3][-]{subsubsection.1.3.1}{Figure size, aspect ratio and DPI}{subsection.1.3}% 6
\BOOKMARK [3][-]{subsubsection.1.3.2}{Saving figures}{subsection.1.3}% 7
\BOOKMARK [3][-]{subsubsection.1.3.3}{Legends, labels and titles}{subsection.1.3}% 8
\BOOKMARK [3][-]{subsubsection.1.3.4}{Formatting text: LaTeX, fontsize, font family}{subsection.1.3}% 9
\BOOKMARK [3][-]{subsubsection.1.3.5}{Setting colors, linewidths, linetypes}{subsection.1.3}% 10
\BOOKMARK [3][-]{subsubsection.1.3.6}{Control over axis appearance}{subsection.1.3}% 11
\BOOKMARK [3][-]{subsubsection.1.3.7}{Placement of ticks and custom tick labels}{subsection.1.3}% 12
\BOOKMARK [3][-]{subsubsection.1.3.8}{Axis number and axis label spacing}{subsection.1.3}% 13
\BOOKMARK [3][-]{subsubsection.1.3.9}{Axis grid}{subsection.1.3}% 14
\BOOKMARK [3][-]{subsubsection.1.3.10}{Axis spines}{subsection.1.3}% 15
\BOOKMARK [3][-]{subsubsection.1.3.11}{Twin axes}{subsection.1.3}% 16
\BOOKMARK [3][-]{subsubsection.1.3.12}{Axes where x and y is zero}{subsection.1.3}% 17
\BOOKMARK [3][-]{subsubsection.1.3.13}{Other 2D plot styles}{subsection.1.3}% 18
\BOOKMARK [3][-]{subsubsection.1.3.14}{Text annotation}{subsection.1.3}% 19
\BOOKMARK [3][-]{subsubsection.1.3.15}{Figures with multiple subplots and insets}{subsection.1.3}% 20
\BOOKMARK [3][-]{subsubsection.1.3.16}{Colormap and contour figures}{subsection.1.3}% 21
\BOOKMARK [2][-]{subsection.1.4}{3D figures}{section.1}% 22
\BOOKMARK [3][-]{subsubsection.1.4.1}{Animations}{subsection.1.4}% 23
\BOOKMARK [3][-]{subsubsection.1.4.2}{Backends}{subsection.1.4}% 24
\BOOKMARK [2][-]{subsection.1.5}{Further reading}{section.1}% 25
\BOOKMARK [2][-]{subsection.1.6}{Versions}{section.1}% 26
